{"/home/doug/repos/Roteirize/src/app.ts": {"path":"/home/doug/repos/Roteirize/src/app.ts","statementMap":{"0":{"start":{"line":8,"column":12},"end":{"line":8,"column":20}},"1":{"start":{"line":10,"column":0},"end":{"line":14,"column":null}},"2":{"start":{"line":16,"column":0},"end":{"line":16,"column":null}},"3":{"start":{"line":17,"column":0},"end":{"line":17,"column":null}},"4":{"start":{"line":18,"column":0},"end":{"line":18,"column":null}},"5":{"start":{"line":20,"column":0},"end":{"line":28,"column":null}},"6":{"start":{"line":21,"column":2},"end":{"line":27,"column":null}},"7":{"start":{"line":22,"column":4},"end":{"line":22,"column":null}},"8":{"start":{"line":23,"column":4},"end":{"line":23,"column":null}},"9":{"start":{"line":25,"column":4},"end":{"line":25,"column":null}},"10":{"start":{"line":26,"column":4},"end":{"line":26,"column":null}}},"fnMap":{"0":{"name":"(anonymous_0)","decl":{"start":{"line":20,"column":19},"end":{"line":20,"column":26}},"loc":{"start":{"line":20,"column":40},"end":{"line":28,"column":1}},"line":20}},"branchMap":{},"s":{"0":3,"1":3,"2":3,"3":3,"4":3,"5":3,"6":1,"7":1,"8":1,"9":0,"10":0},"f":{"0":1},"b":{},"meta":{"lastBranch":0,"lastFunction":1,"lastStatement":11,"seen":{"s:8:12:8:20":0,"s:10:0:14:Infinity":1,"s:16:0:16:Infinity":2,"s:17:0:17:Infinity":3,"s:18:0:18:Infinity":4,"s:20:0:28:Infinity":5,"f:20:19:20:26":0,"s:21:2:27:Infinity":6,"s:22:4:22:Infinity":7,"s:23:4:23:Infinity":8,"s:25:4:25:Infinity":9,"s:26:4:26:Infinity":10},"fnNames":{}}}
,"/home/doug/repos/Roteirize/src/config/db.ts": {"path":"/home/doug/repos/Roteirize/src/config/db.ts","statementMap":{"0":{"start":{"line":3,"column":17},"end":{"line":3,"column":null}},"1":{"start":{"line":5,"column":18},"end":{"line":7,"column":null}}},"fnMap":{},"branchMap":{},"s":{"0":3,"1":3},"f":{},"b":{},"meta":{"lastBranch":0,"lastFunction":0,"lastStatement":2,"seen":{"s:3:17:3:Infinity":0,"s:5:18:7:Infinity":1},"fnNames":{}}}
,"/home/doug/repos/Roteirize/src/config/env.ts": {"path":"/home/doug/repos/Roteirize/src/config/env.ts","statementMap":{"0":{"start":{"line":5,"column":18},"end":{"line":9,"column":null}},"1":{"start":{"line":11,"column":15},"end":{"line":11,"column":null}},"2":{"start":{"line":13,"column":0},"end":{"line":17,"column":null}},"3":{"start":{"line":14,"column":2},"end":{"line":14,"column":null}},"4":{"start":{"line":15,"column":2},"end":{"line":15,"column":null}},"5":{"start":{"line":16,"column":2},"end":{"line":16,"column":null}},"6":{"start":{"line":19,"column":19},"end":{"line":19,"column":null}}},"fnMap":{},"branchMap":{"0":{"loc":{"start":{"line":13,"column":0},"end":{"line":17,"column":null}},"type":"if","locations":[{"start":{"line":13,"column":0},"end":{"line":17,"column":null}},{"start":{},"end":{}}],"line":13}},"s":{"0":3,"1":3,"2":3,"3":0,"4":0,"5":0,"6":3},"f":{},"b":{"0":[0,3]},"meta":{"lastBranch":1,"lastFunction":0,"lastStatement":7,"seen":{"s:5:18:9:Infinity":0,"s:11:15:11:Infinity":1,"b:13:0:17:Infinity:undefined:undefined:undefined:undefined":0,"s:13:0:17:Infinity":2,"s:14:2:14:Infinity":3,"s:15:2:15:Infinity":4,"s:16:2:16:Infinity":5,"s:19:19:19:Infinity":6},"fnNames":{}}}
,"/home/doug/repos/Roteirize/src/middlewares/authenticate.ts": {"path":"/home/doug/repos/Roteirize/src/middlewares/authenticate.ts","statementMap":{"0":{"start":{"line":10,"column":17},"end":{"line":10,"column":null}},"1":{"start":{"line":12,"column":2},"end":{"line":15,"column":null}},"2":{"start":{"line":13,"column":4},"end":{"line":13,"column":null}},"3":{"start":{"line":14,"column":4},"end":{"line":14,"column":null}},"4":{"start":{"line":17,"column":16},"end":{"line":17,"column":null}},"5":{"start":{"line":19,"column":2},"end":{"line":25,"column":null}},"6":{"start":{"line":20,"column":20},"end":{"line":20,"column":null}},"7":{"start":{"line":21,"column":4},"end":{"line":21,"column":null}},"8":{"start":{"line":22,"column":4},"end":{"line":22,"column":null}},"9":{"start":{"line":24,"column":4},"end":{"line":24,"column":null}}},"fnMap":{"0":{"name":"authenticate","decl":{"start":{"line":5,"column":16},"end":{"line":5,"column":null}},"loc":{"start":{"line":9,"column":8},"end":{"line":26,"column":null}},"line":9}},"branchMap":{"0":{"loc":{"start":{"line":12,"column":2},"end":{"line":15,"column":null}},"type":"if","locations":[{"start":{"line":12,"column":2},"end":{"line":15,"column":null}},{"start":{},"end":{}}],"line":12}},"s":{"0":4,"1":4,"2":1,"3":1,"4":3,"5":3,"6":3,"7":3,"8":3,"9":2},"f":{"0":4},"b":{"0":[1,3]},"meta":{"lastBranch":1,"lastFunction":1,"lastStatement":10,"seen":{"f:5:16:5:Infinity":0,"s:10:17:10:Infinity":0,"b:12:2:15:Infinity:undefined:undefined:undefined:undefined":0,"s:12:2:15:Infinity":1,"s:13:4:13:Infinity":2,"s:14:4:14:Infinity":3,"s:17:16:17:Infinity":4,"s:19:2:25:Infinity":5,"s:20:20:20:Infinity":6,"s:21:4:21:Infinity":7,"s:22:4:22:Infinity":8,"s:24:4:24:Infinity":9},"fnNames":{}}}
,"/home/doug/repos/Roteirize/src/middlewares/validate.ts": {"path":"/home/doug/repos/Roteirize/src/middlewares/validate.ts","statementMap":{"0":{"start":{"line":5,"column":2},"end":{"line":17,"column":null}},"1":{"start":{"line":6,"column":19},"end":{"line":6,"column":null}},"2":{"start":{"line":8,"column":4},"end":{"line":13,"column":null}},"3":{"start":{"line":9,"column":6},"end":{"line":12,"column":null}},"4":{"start":{"line":15,"column":4},"end":{"line":15,"column":null}},"5":{"start":{"line":16,"column":4},"end":{"line":16,"column":null}}},"fnMap":{"0":{"name":"validate","decl":{"start":{"line":4,"column":16},"end":{"line":4,"column":25}},"loc":{"start":{"line":4,"column":44},"end":{"line":18,"column":null}},"line":4},"1":{"name":"(anonymous_1)","decl":{"start":{"line":5,"column":2},"end":{"line":5,"column":10}},"loc":{"start":{"line":5,"column":62},"end":{"line":17,"column":null}},"line":5}},"branchMap":{"0":{"loc":{"start":{"line":8,"column":4},"end":{"line":13,"column":null}},"type":"if","locations":[{"start":{"line":8,"column":4},"end":{"line":13,"column":null}},{"start":{},"end":{}}],"line":8}},"s":{"0":6,"1":12,"2":12,"3":1,"4":11,"5":11},"f":{"0":6,"1":12},"b":{"0":[1,11]},"meta":{"lastBranch":1,"lastFunction":2,"lastStatement":6,"seen":{"f:4:16:4:25":0,"s:5:2:17:Infinity":0,"f:5:2:5:10":1,"s:6:19:6:Infinity":1,"b:8:4:13:Infinity:undefined:undefined:undefined:undefined":0,"s:8:4:13:Infinity":2,"s:9:6:12:Infinity":3,"s:15:4:15:Infinity":4,"s:16:4:16:Infinity":5},"fnNames":{}}}
,"/home/doug/repos/Roteirize/src/routes/auth.ts": {"path":"/home/doug/repos/Roteirize/src/routes/auth.ts","statementMap":{"0":{"start":{"line":10,"column":15},"end":{"line":10,"column":22}},"1":{"start":{"line":12,"column":0},"end":{"line":50,"column":null}},"2":{"start":{"line":13,"column":30},"end":{"line":13,"column":null}},"3":{"start":{"line":15,"column":2},"end":{"line":49,"column":null}},"4":{"start":{"line":16,"column":19},"end":{"line":19,"column":null}},"5":{"start":{"line":21,"column":4},"end":{"line":23,"column":null}},"6":{"start":{"line":22,"column":6},"end":{"line":22,"column":null}},"7":{"start":{"line":25,"column":17},"end":{"line":25,"column":null}},"8":{"start":{"line":26,"column":28},"end":{"line":26,"column":null}},"9":{"start":{"line":28,"column":4},"end":{"line":30,"column":null}},"10":{"start":{"line":29,"column":6},"end":{"line":29,"column":null}},"11":{"start":{"line":32,"column":18},"end":{"line":36,"column":null}},"12":{"start":{"line":38,"column":4},"end":{"line":45,"column":null}},"13":{"start":{"line":47,"column":4},"end":{"line":47,"column":null}},"14":{"start":{"line":48,"column":4},"end":{"line":48,"column":null}},"15":{"start":{"line":52,"column":0},"end":{"line":75,"column":null}},"16":{"start":{"line":53,"column":2},"end":{"line":74,"column":null}},"17":{"start":{"line":54,"column":19},"end":{"line":57,"column":null}},"18":{"start":{"line":59,"column":4},"end":{"line":61,"column":null}},"19":{"start":{"line":60,"column":6},"end":{"line":60,"column":null}},"20":{"start":{"line":63,"column":17},"end":{"line":63,"column":null}},"21":{"start":{"line":65,"column":4},"end":{"line":70,"column":null}},"22":{"start":{"line":72,"column":4},"end":{"line":72,"column":null}},"23":{"start":{"line":73,"column":4},"end":{"line":73,"column":null}}},"fnMap":{"0":{"name":"(anonymous_0)","decl":{"start":{"line":12,"column":45},"end":{"line":12,"column":52}},"loc":{"start":{"line":12,"column":65},"end":{"line":50,"column":1}},"line":12},"1":{"name":"(anonymous_1)","decl":{"start":{"line":52,"column":32},"end":{"line":52,"column":39}},"loc":{"start":{"line":52,"column":52},"end":{"line":75,"column":1}},"line":52}},"branchMap":{"0":{"loc":{"start":{"line":21,"column":4},"end":{"line":23,"column":null}},"type":"if","locations":[{"start":{"line":21,"column":4},"end":{"line":23,"column":null}},{"start":{},"end":{}}],"line":21},"1":{"loc":{"start":{"line":28,"column":4},"end":{"line":30,"column":null}},"type":"if","locations":[{"start":{"line":28,"column":4},"end":{"line":30,"column":null}},{"start":{},"end":{}}],"line":28},"2":{"loc":{"start":{"line":59,"column":4},"end":{"line":61,"column":null}},"type":"if","locations":[{"start":{"line":59,"column":4},"end":{"line":61,"column":null}},{"start":{},"end":{}}],"line":59}},"s":{"0":3,"1":3,"2":4,"3":4,"4":4,"5":4,"6":1,"7":3,"8":3,"9":3,"10":1,"11":2,"12":2,"13":0,"14":0,"15":3,"16":1,"17":1,"18":1,"19":0,"20":1,"21":1,"22":0,"23":0},"f":{"0":4,"1":1},"b":{"0":[1,3],"1":[1,2],"2":[0,1]},"meta":{"lastBranch":3,"lastFunction":2,"lastStatement":24,"seen":{"s:10:15:10:22":0,"s:12:0:50:Infinity":1,"f:12:45:12:52":0,"s:13:30:13:Infinity":2,"s:15:2:49:Infinity":3,"s:16:19:19:Infinity":4,"b:21:4:23:Infinity:undefined:undefined:undefined:undefined":0,"s:21:4:23:Infinity":5,"s:22:6:22:Infinity":6,"s:25:17:25:Infinity":7,"s:26:28:26:Infinity":8,"b:28:4:30:Infinity:undefined:undefined:undefined:undefined":1,"s:28:4:30:Infinity":9,"s:29:6:29:Infinity":10,"s:32:18:36:Infinity":11,"s:38:4:45:Infinity":12,"s:47:4:47:Infinity":13,"s:48:4:48:Infinity":14,"s:52:0:75:Infinity":15,"f:52:32:52:39":1,"s:53:2:74:Infinity":16,"s:54:19:57:Infinity":17,"b:59:4:61:Infinity:undefined:undefined:undefined:undefined":2,"s:59:4:61:Infinity":18,"s:60:6:60:Infinity":19,"s:63:17:63:Infinity":20,"s:65:4:70:Infinity":21,"s:72:4:72:Infinity":22,"s:73:4:73:Infinity":23},"fnNames":{}}}
,"/home/doug/repos/Roteirize/src/routes/users.ts": {"path":"/home/doug/repos/Roteirize/src/routes/users.ts","statementMap":{"0":{"start":{"line":8,"column":15},"end":{"line":8,"column":22}},"1":{"start":{"line":10,"column":0},"end":{"line":42,"column":null}},"2":{"start":{"line":14,"column":38},"end":{"line":14,"column":null}},"3":{"start":{"line":16,"column":4},"end":{"line":40,"column":null}},"4":{"start":{"line":17,"column":27},"end":{"line":17,"column":null}},"5":{"start":{"line":19,"column":21},"end":{"line":24,"column":null}},"6":{"start":{"line":26,"column":19},"end":{"line":26,"column":null}},"7":{"start":{"line":28,"column":6},"end":{"line":33,"column":null}},"8":{"start":{"line":35,"column":6},"end":{"line":37,"column":null}},"9":{"start":{"line":36,"column":8},"end":{"line":36,"column":null}},"10":{"start":{"line":39,"column":6},"end":{"line":39,"column":null}}},"fnMap":{"0":{"name":"(anonymous_0)","decl":{"start":{"line":13,"column":2},"end":{"line":13,"column":9}},"loc":{"start":{"line":13,"column":41},"end":{"line":41,"column":null}},"line":13}},"branchMap":{"0":{"loc":{"start":{"line":35,"column":6},"end":{"line":37,"column":null}},"type":"if","locations":[{"start":{"line":35,"column":6},"end":{"line":37,"column":null}},{"start":{},"end":{}}],"line":35}},"s":{"0":3,"1":3,"2":7,"3":7,"4":7,"5":7,"6":6,"7":6,"8":1,"9":1,"10":0},"f":{"0":7},"b":{"0":[1,0]},"meta":{"lastBranch":1,"lastFunction":1,"lastStatement":11,"seen":{"s:8:15:8:22":0,"s:10:0:42:Infinity":1,"f:13:2:13:9":0,"s:14:38:14:Infinity":2,"s:16:4:40:Infinity":3,"s:17:27:17:Infinity":4,"s:19:21:24:Infinity":5,"s:26:19:26:Infinity":6,"s:28:6:33:Infinity":7,"b:35:6:37:Infinity:undefined:undefined:undefined:undefined":0,"s:35:6:37:Infinity":8,"s:36:8:36:Infinity":9,"s:39:6:39:Infinity":10},"fnNames":{}}}
,"/home/doug/repos/Roteirize/src/schemas/authSchema.ts": {"path":"/home/doug/repos/Roteirize/src/schemas/authSchema.ts","statementMap":{"0":{"start":{"line":3,"column":27},"end":{"line":10,"column":null}},"1":{"start":{"line":6,"column":24},"end":{"line":6,"column":48}}},"fnMap":{"0":{"name":"(anonymous_0)","decl":{"start":{"line":6,"column":5},"end":{"line":6,"column":16}},"loc":{"start":{"line":6,"column":24},"end":{"line":6,"column":48}},"line":6}},"branchMap":{},"s":{"0":3,"1":4},"f":{"0":4},"b":{},"meta":{"lastBranch":0,"lastFunction":1,"lastStatement":2,"seen":{"s:3:27:10:Infinity":0,"f:6:5:6:16":0,"s:6:24:6:48":1},"fnNames":{}}}
,"/home/doug/repos/Roteirize/src/schemas/userSchema.ts": {"path":"/home/doug/repos/Roteirize/src/schemas/userSchema.ts","statementMap":{"0":{"start":{"line":3,"column":32},"end":{"line":12,"column":null}},"1":{"start":{"line":7,"column":24},"end":{"line":7,"column":48}}},"fnMap":{"0":{"name":"(anonymous_0)","decl":{"start":{"line":7,"column":5},"end":{"line":7,"column":16}},"loc":{"start":{"line":7,"column":24},"end":{"line":7,"column":48}},"line":7}},"branchMap":{},"s":{"0":3,"1":7},"f":{"0":7},"b":{},"meta":{"lastBranch":0,"lastFunction":1,"lastStatement":2,"seen":{"s:3:32:12:Infinity":0,"f:7:5:7:16":0,"s:7:24:7:48":1},"fnNames":{}}}
,"/home/doug/repos/Roteirize/src/utils/db-errors.ts": {"path":"/home/doug/repos/Roteirize/src/utils/db-errors.ts","statementMap":{"0":{"start":{"line":3,"column":2},"end":{"line":7,"column":null}}},"fnMap":{"0":{"name":"isUniqueViolation","decl":{"start":{"line":2,"column":16},"end":{"line":2,"column":34}},"loc":{"start":{"line":2,"column":59},"end":{"line":9,"column":null}},"line":2}},"branchMap":{"0":{"loc":{"start":{"line":4,"column":4},"end":{"line":7,"column":null}},"type":"binary-expr","locations":[{"start":{"line":4,"column":4},"end":{"line":4,"column":null}},{"start":{"line":5,"column":4},"end":{"line":5,"column":null}},{"start":{"line":6,"column":4},"end":{"line":6,"column":null}},{"start":{"line":7,"column":4},"end":{"line":7,"column":null}}],"line":4}},"s":{"0":1},"f":{"0":1},"b":{"0":[1,1,1,1]},"meta":{"lastBranch":1,"lastFunction":1,"lastStatement":1,"seen":{"f:2:16:2:34":0,"s:3:2:7:Infinity":0,"b:4:4:4:Infinity:5:4:5:Infinity:6:4:6:Infinity:7:4:7:Infinity":0},"fnNames":{}}}
}
